<?xml version="1.0" encoding="UTF-8"?>
<!-- Generated by org.testng.reporters.JUnitXMLReporter -->
<testsuite ignored="0" hostname="Juans-MacBook-Pro-2.local" failures="0" tests="3" name="ChromeTest" time="14.403" errors="0" timestamp="2023-03-24T15:28:43 COT">
  <testcase classname="org.selenium.tests.ApiTest" name="get_Cookies_From_Browser" time="4.615"/>
  <testcase classname="org.selenium.tests.LoginTest" name="failed_Login_into_the_WebApp" time="1.217"/>
  <testcase classname="org.selenium.tests.LoginTest" name="successfully_Login_into_the_WebApp" time="1.02"/>
</testsuite> <!-- ChromeTest -->
