<?xml version="1.0" encoding="UTF-8"?>
<!-- Generated by org.testng.reporters.JUnitXMLReporter -->
<testsuite ignored="0" hostname="Juans-MacBook-Pro-2.local" failures="0" tests="3" name="EdgeTest" time="9.877" errors="0" timestamp="2023-03-24T12:40:29 COT">
  <testcase classname="org.selenium.tests.ApiTest" name="get_Cookies_From_Browser" time="1.256"/>
  <testcase classname="org.selenium.tests.LoginTest" name="failed_Login_into_the_WebApp" time="1.029"/>
  <testcase classname="org.selenium.tests.LoginTest" name="successfully_Login_into_the_WebApp" time="1.02"/>
</testsuite> <!-- EdgeTest -->
